2024-07-08T13:26:35.035Z In(05) mks Log for VMware Workstation pid=2140 version=17.5.2 build=build-23775571 option=Release
2024-07-08T13:26:35.035Z In(05) mks The host is x86_64.
2024-07-08T13:26:35.035Z In(05) mks Host codepage=windows-1252 encoding=windows-1252
2024-07-08T13:26:35.035Z In(05) mks Host is Windows 10 Enterprise, 64-bit (Build 19042.1949)
2024-07-08T13:26:35.035Z In(05) mks Host offset from UTC is -05:30.
2024-07-08T13:26:35.223Z In(05) main  MKSSandbox: MKS_UUID=52 09 02 3c 83 ee 7d 73-64 cb 85 06 ea 4c 6b 10
2024-07-08T13:26:35.223Z In(05) main  MKSRoleMain: Powering on MKS
2024-07-08T13:26:35.223Z In(05) main  MKS PowerOn
2024-07-08T13:26:35.223Z In(05) mks  VTHREAD 6024 "mks"
2024-07-08T13:26:35.223Z In(05) mks  MKS thread is alive
2024-07-08T13:26:35.223Z In(05) svga  VTHREAD 4708 "svga"
2024-07-08T13:26:35.223Z In(05) svga  SVGA thread is alive
2024-07-08T13:26:35.223Z In(05) mks  MKS: SSE2=1, SSSE3=1, SSE4_1=1
2024-07-08T13:26:35.238Z In(05) mks  MKS Win32: Registering top level window (0x303d6) to receive session change notification.
2024-07-08T13:26:35.245Z In(05) mks  MKS Win32: Successfully enabled high resolution system timer.
2024-07-08T13:26:35.245Z In(05) mks  Current Display Settings:
2024-07-08T13:26:35.245Z In(05) mks     Display: 0 size: 1366x768  position: (0, 0) name: \\.\DISPLAY1  
2024-07-08T13:26:35.248Z In(05) mks  MKS Win32: MIL: 0x2000
2024-07-08T13:26:35.248Z In(05) mks  MKS-RenderMain: PowerOn allowed DX11Renderer DX12Renderer 
2024-07-08T13:26:35.248Z In(05) mks  MKS-RenderMain: ISB not enabled by config
2024-07-08T13:26:35.248Z In(05) mks  MKS-RenderMain: Collecting RenderOps caps from DX12Renderer
2024-07-08T13:26:35.248Z In(05) mks  MKS-RenderMain: Starting DX12Renderer
2024-07-08T13:26:35.277Z Wa(03) mks  DX12Module: Available adapters:
2024-07-08T13:26:35.278Z Wa(03) mks  DX12Module:  Microsoft Basic Render Driver
2024-07-08T13:26:35.278Z Wa(03) mks  DX12Module:    VendorId = 5140, DeviceId = 140, SubSysId = 0, Revision = 0, AdapterLuid = 035241, Flags = 2c
2024-07-08T13:26:35.278Z Wa(03) mks  DX12Module:    DedicatedVideoMemory = 0, DedicatedSystemMemory = 0, SharedSystemMemory = 4294699008
2024-07-08T13:26:35.286Z Wa(03) mks  DX12Module:  Microsoft Basic Render Driver
2024-07-08T13:26:35.286Z Wa(03) mks  DX12Module:    VendorId = 5140, DeviceId = 140, SubSysId = 0, Revision = 0, AdapterLuid = 035508, Flags = 2e
2024-07-08T13:26:35.286Z Wa(03) mks  DX12Module:    DedicatedVideoMemory = 0, DedicatedSystemMemory = 0, SharedSystemMemory = 4294699008
2024-07-08T13:26:35.305Z In(05) mks  MKS-RenderMain: Failed to start the renderer DX12Renderer
2024-07-08T13:26:35.305Z In(05) mks  MKS-RenderMain: Collecting RenderOps caps from DX11Renderer
2024-07-08T13:26:35.305Z In(05) mks  MKS-RenderMain: Starting DX11Renderer
2024-07-08T13:26:35.315Z In(05) mks  DX11Renderer: Enumerating adapter 0
2024-07-08T13:26:35.315Z In(05) mks  DX11Renderer: `Microsoft Basic Render Driver` vendor=0x1414 device=0x008c revision=0
2024-07-08T13:26:35.315Z In(05) mks  DX11Renderer: video=0MB system=0MB shared=8191MB
2024-07-08T13:26:35.315Z In(05) mks  DX11Renderer: LOCAL     budget  7526M usage     0M avail  3891M res     0M
2024-07-08T13:26:35.315Z In(05) mks  DX11Renderer: NON-LOCAL budget     0M usage     0M avail     0M res     0M
2024-07-08T13:26:35.315Z Wa(03) mks  DX11Renderer: Device ID is badlisted
2024-07-08T13:26:35.315Z In(05) mks  DX11Renderer: Enumerating adapter 1
2024-07-08T13:26:35.315Z In(05) mks  DX11Renderer: `Microsoft Basic Render Driver` vendor=0x1414 device=0x008c revision=0
2024-07-08T13:26:35.315Z In(05) mks  DX11Renderer: video=0MB system=0MB shared=8191MB
2024-07-08T13:26:35.315Z In(05) mks  DX11Renderer: LOCAL     budget  7526M usage     0M avail  3891M res     0M
2024-07-08T13:26:35.315Z In(05) mks  DX11Renderer: NON-LOCAL budget     0M usage     0M avail     0M res     0M
2024-07-08T13:26:35.315Z Wa(03) mks  DX11Renderer: Device ID is badlisted
2024-07-08T13:26:35.315Z Wa(03) mks  DX11Renderer: Unable to create a Core 3D device from the enumerated adapters...
2024-07-08T13:26:35.315Z Wa(03) mks  DX11Renderer: Unable to create a Core 3D device from the enumerated adapters...
2024-07-08T13:26:35.315Z In(05) mks  DX11Renderer: Releasing DXGI Factory
2024-07-08T13:26:35.315Z In(05) mks  DX11Renderer: Unloading modules
2024-07-08T13:26:35.316Z In(05) mks  MKS-RenderMain: Failed to start the renderer DX11Renderer
2024-07-08T13:26:35.316Z In(05) mks  MKS-RenderMain: Retrying renderer selection without 3D requirements
2024-07-08T13:26:35.317Z In(05) mks  MKS-RenderMain: Unable to find a renderer
2024-07-08T13:26:35.317Z In(05) mks  MKS-RenderMain: Failed to PowerOn: Unable to find a suitable graphics renderer.
2024-07-08T13:26:35.317Z In(05) main  MKSThread: Requesting MKS exit
2024-07-08T13:26:35.317Z In(05) main  Stopping MKS/SVGA threads
2024-07-08T13:26:35.317Z In(05) svga  MKSThread: SVGA thread is skipping PowerOn
2024-07-08T13:26:35.317Z In(05) svga  MKSThread: SVGA thread is skipping the main loop
2024-07-08T13:26:35.317Z In(05) main  MKS/SVGA threads are stopped
2024-07-08T13:26:35.317Z In(05) main  Msg_Post: Error
2024-07-08T13:26:35.317Z In(05) main  [msg.mks.noRendererFound] Unable to find a suitable graphics renderer.
2024-07-08T13:26:35.317Z In(05) main  ----------------------------------------
2024-07-08T13:26:35.317Z Wa(03) main  Unable to find a suitable graphics renderer.
2024-07-08T13:26:35.317Z In(05) main  Msg_Post: Error
2024-07-08T13:26:35.317Z In(05) main  [msg.mks.powerOnFailed] Failed to initialize mouse-keyboard-screen control.
2024-07-08T13:26:35.317Z In(05) main  ----------------------------------------
2024-07-08T13:26:35.317Z Wa(03) main  Failed to initialize mouse-keyboard-screen control.
2024-07-08T13:26:35.321Z In(05) mks  MKS PowerOff
2024-07-08T13:26:35.321Z In(05) svga  MKSThread: SVGA thread is skipping PowerOff
2024-07-08T13:26:35.321Z In(05) svga  SVGA thread is exiting
2024-07-08T13:26:35.321Z In(05) mks  MKS thread is exiting
2024-07-08T13:26:35.322Z In(05) main  MKSRoleMain: Failed to Power On.
2024-07-08T13:26:35.322Z In(05) main  MKSRoleMain: Powering off.
2024-07-08T13:26:35.322Z In(05) main  MKSRoleMain: Skipping MKS (already powered off)
2024-07-08T13:26:35.322Z Wa(03) main  MKSRoleMain: Failed to power on the MKSSandbox.
2024-07-08T13:26:35.322Z In(05) main  MKSRoleMain: Exiting...
2024-07-08T13:26:35.322Z In(05) main  MKSRoleMain: Exiting MKS
2024-07-08T13:26:35.322Z In(05) main  MKSRoleMain: Exiting Sig
2024-07-08T13:26:35.322Z In(05) main  MKSRoleMain: Skipping SSL (already exited)
2024-07-08T13:26:35.322Z In(05) main  MKSRoleMain: Exiting Poll
2024-07-08T13:26:35.322Z In(05) main  MKSRoleMain: Exiting Log
